Arguments: 
  D:\node.js\node.exe D:\yarn\bin\yarn.js add app3.js

PATH: 
  C:\Program Files\Common Files\Siemens\Automation\Simatic OAM\bin;C:\Program Files (x86)\Common Files\Intel\Shared Libraries\redist\intel64\compiler;C:\Windows\system32;C:\Windows;C:\Windows\System32\Wbem;C:\Windows\System32\WindowsPowerShell\v1.0\;C:\Windows\System32\OpenSSH\;C:\Program Files (x86)\NVIDIA Corporation\PhysX\Common;C:\Program Files\NVIDIA Corporation\NVIDIA NvDLISR;C:\WINDOWS\system32;C:\WINDOWS;C:\WINDOWS\System32\Wbem;C:\WINDOWS\System32\WindowsPowerShell\v1.0\;C:\WINDOWS\System32\OpenSSH\;C:\Program Files\Microsoft SQL Server\150\Tools\Binn\;C:\Program Files\dotnet\;C:\ProgramData\chocolatey\bin;D:\node.js\;D:\yarn\bin\;C:\Users\gtc\Desktop;D:\Git\cmd;C:\Users\gtc\AppData\Local\Microsoft\WindowsApps;;D:\Microsoft VS Code\bin;C:\Users\gtc\.dotnet\tools;C:\Users\gtc\AppData\Roaming\npm;C:\Users\gtc\AppData\Local\Yarn\bin

Yarn version: 
  1.22.5

Node version: 
  16.15.0

Platform: 
  win32 x64

Trace: 
  Error: https://registry.yarnpkg.com/app3.js: Not found
      at Request.params.callback [as _callback] (D:\yarn\lib\cli.js:66097:18)
      at Request.self.callback (D:\yarn\lib\cli.js:140749:22)
      at Request.emit (node:events:527:28)
      at Request.<anonymous> (D:\yarn\lib\cli.js:141721:10)
      at Request.emit (node:events:527:28)
      at IncomingMessage.<anonymous> (D:\yarn\lib\cli.js:141643:12)
      at Object.onceWrapper (node:events:641:28)
      at IncomingMessage.emit (node:events:539:35)
      at endReadableNT (node:internal/streams/readable:1345:12)
      at processTicksAndRejections (node:internal/process/task_queues:83:21)

npm manifest: 
  {
    "name": "mvc-demo-1",
    "version": "1.0.0",
    "main": "index.js",
    "license": "MIT",
    "dependencies": {
      "jquery": "^3.6.0"
    }
  }

yarn manifest: 
  No manifest

Lockfile: 
  # THIS IS AN AUTOGENERATED FILE. DO NOT EDIT THIS FILE DIRECTLY.
  # yarn lockfile v1
  
  
  jquery@^3.6.0:
    version "3.6.0"
    resolved "https://registry.yarnpkg.com/jquery/-/jquery-3.6.0.tgz#c72a09f15c1bdce142f49dbf1170bdf8adac2470"
    integrity sha512-JVzAR/AjBvVt2BmYhxRCSYysDsPcssdmTFnzyLEts9qNwmjmu4JTAMYubEfwVOSwpQ1I1sKKFcxhZCI2buerfw==
